# Logfile created on 2018-08-05 18:51:12 +0900 by logger.rb/56438
  INFO ---------------------------------------------------------------------------
  INFO START 2018-08-05 18:51:12 +0900 cap production deploy
  INFO ---------------------------------------------------------------------------
  INFO ---------------------------------------------------------------------------
  INFO START 2018-08-05 18:55:09 +0900 cap production deploy:initial
  INFO ---------------------------------------------------------------------------
  INFO ---------------------------------------------------------------------------
  INFO START 2018-08-05 18:59:04 +0900 cap production deploy
  INFO ---------------------------------------------------------------------------
  INFO ---------------------------------------------------------------------------
  INFO START 2018-08-05 19:00:37 +0900 cap staging svn:check
  INFO ---------------------------------------------------------------------------
  INFO ---------------------------------------------------------------------------
  INFO START 2018-08-05 19:01:44 +0900 cap staging deploy:check
  INFO ---------------------------------------------------------------------------
  INFO [02082e43] Running /usr/bin/env mkdir -p /tmp on 13.209.120.92
 DEBUG [02082e43] Command: /usr/bin/env mkdir -p /tmp
  INFO ---------------------------------------------------------------------------
  INFO START 2018-08-05 19:21:40 +0900 cap production deploy:initial
  INFO ---------------------------------------------------------------------------
 DEBUG [a4d5ba9e] Running [ -d ~/.rvm ] on 13.209.120.92
 DEBUG [a4d5ba9e] Command: [ -d ~/.rvm ]
  INFO ---------------------------------------------------------------------------
  INFO START 2018-08-05 19:22:38 +0900 cap production deploy:initial
  INFO ---------------------------------------------------------------------------
 DEBUG [67f26c2a] Running [ -d ~/.rvm ] on 13.209.120.92
 DEBUG [67f26c2a] Command: [ -d ~/.rvm ]
  INFO ---------------------------------------------------------------------------
  INFO START 2018-08-05 19:23:24 +0900 cap production deploy:check
  INFO ---------------------------------------------------------------------------
 DEBUG [1181d681] Running [ -d ~/.rvm ] on 13.209.120.92
 DEBUG [1181d681] Command: [ -d ~/.rvm ]
  INFO ---------------------------------------------------------------------------
  INFO START 2018-08-05 19:24:45 +0900 cap production deploy:check
  INFO ---------------------------------------------------------------------------
 DEBUG [ea983f08] Running [ -d ~/.rvm ] on 13.209.120.92
 DEBUG [ea983f08] Command: [ -d ~/.rvm ]
  INFO ---------------------------------------------------------------------------
  INFO START 2018-08-05 19:24:51 +0900 cap production deploy:initial
  INFO ---------------------------------------------------------------------------
 DEBUG [e5e1f146] Running [ -d ~/.rvm ] on 13.209.120.92
 DEBUG [e5e1f146] Command: [ -d ~/.rvm ]
  INFO ---------------------------------------------------------------------------
  INFO START 2018-08-05 21:21:59 +0900 cap staging config:init
  INFO ---------------------------------------------------------------------------
 DEBUG [ca86f0de] Running [ -d ~/.rvm ] on 13.209.120.92
 DEBUG [ca86f0de] Command: [ -d ~/.rvm ]
  INFO ---------------------------------------------------------------------------
  INFO START 2018-08-05 21:31:30 +0900 cap production deploy:initial
  INFO ---------------------------------------------------------------------------
 DEBUG [4e1904bb] Running [ -d ~/.rvm ] on 13.209.120.92
 DEBUG [4e1904bb] Command: [ -d ~/.rvm ]
  INFO ---------------------------------------------------------------------------
  INFO START 2018-08-05 21:32:14 +0900 cap production deploy:initial
  INFO ---------------------------------------------------------------------------
 DEBUG [a0f71262] Running [ -d ~/.rvm ] on 13.209.120.92
 DEBUG [a0f71262] Command: [ -d ~/.rvm ]
  INFO ---------------------------------------------------------------------------
  INFO START 2018-08-05 21:32:47 +0900 cap production deploy:initial
  INFO ---------------------------------------------------------------------------
 DEBUG [ef06607c] Running [ -d ~/.rvm ] on 13.209.120.92
 DEBUG [ef06607c] Command: [ -d ~/.rvm ]
  INFO ---------------------------------------------------------------------------
  INFO START 2018-08-05 21:33:28 +0900 cap production deploy:initial
  INFO ---------------------------------------------------------------------------
 DEBUG [46b700ed] Running [ -d ~/.rvm ] on 13.209.120.92
 DEBUG [46b700ed] Command: [ -d ~/.rvm ]
  INFO ---------------------------------------------------------------------------
  INFO START 2018-08-05 21:33:39 +0900 cap production deploy
  INFO ---------------------------------------------------------------------------
 DEBUG [51c9af35] Running [ -d ~/.rvm ] on 13.209.120.92
 DEBUG [51c9af35] Command: [ -d ~/.rvm ]
  INFO ---------------------------------------------------------------------------
  INFO START 2018-08-05 21:33:48 +0900 cap production deploy
  INFO ---------------------------------------------------------------------------
 DEBUG [aaf83036] Running [ -d ~/.rvm ] on 13.209.120.92
 DEBUG [aaf83036] Command: [ -d ~/.rvm ]
